[21-Jun-2023 14:27:55 UTC] PHP Warning:  Undefined variable $plugin_name in /srv/http/juego/wp-content/plugins/les-kanban/admin/class-les-admin.php on line 23
[21-Jun-2023 14:27:55 UTC] PHP Warning:  Undefined variable $plugin_name in /srv/http/juego/wp-content/plugins/les-kanban/admin/class-les-admin.php on line 23
[21-Jun-2023 14:29:55 UTC] PHP Fatal error:  Uncaught ArgumentCountError: Too few arguments to function LES_Admin::__construct(), 1 passed in /srv/http/juego/wp-content/plugins/les-kanban/includes/class-les-master.php on line 53 and exactly 2 expected in /srv/http/juego/wp-content/plugins/les-kanban/admin/class-les-admin.php:21
Stack trace:
#0 /srv/http/juego/wp-content/plugins/les-kanban/includes/class-les-master.php(53): LES_Admin->__construct()
#1 /srv/http/juego/wp-content/plugins/les-kanban/includes/class-les-master.php(34): LES_Master->cargar_dependencias()
#2 /srv/http/juego/wp-content/plugins/les-kanban/les-kanban.php(45): LES_Master->__construct()
#3 /srv/http/juego/wp-content/plugins/les-kanban/les-kanban.php(48): les_run_les_master()
#4 /srv/http/juego/wp-settings.php(453): include_once('...')
#5 /srv/http/juego/wp-config.php(100): require_once('...')
#6 /srv/http/juego/wp-load.php(50): require_once('...')
#7 /srv/http/juego/wp-admin/admin-ajax.php(22): require_once('...')
#8 {main}
  thrown in /srv/http/juego/wp-content/plugins/les-kanban/admin/class-les-admin.php on line 21
[21-Jun-2023 14:33:55 UTC] PHP Fatal error:  Uncaught Error: Class "LEs_Public" not found in /srv/http/juego/wp-content/plugins/les-kanban/includes/class-les-master.php:100
Stack trace:
#0 /srv/http/juego/wp-content/plugins/les-kanban/includes/class-les-master.php(35): LES_Master->cargar_instancias()
#1 /srv/http/juego/wp-content/plugins/les-kanban/les-kanban.php(45): LES_Master->__construct()
#2 /srv/http/juego/wp-content/plugins/les-kanban/les-kanban.php(48): les_run_les_master()
#3 /srv/http/juego/wp-settings.php(453): include_once('...')
#4 /srv/http/juego/wp-config.php(100): require_once('...')
#5 /srv/http/juego/wp-load.php(50): require_once('...')
#6 /srv/http/juego/wp-admin/admin-ajax.php(22): require_once('...')
#7 {main}
  thrown in /srv/http/juego/wp-content/plugins/les-kanban/includes/class-les-master.php on line 100
[21-Jun-2023 14:41:55 UTC] PHP Parse error:  syntax error, unexpected token "=", expecting "]" in /srv/http/juego/wp-content/plugins/les-kanban/admin/class-les-admin.php on line 113
[21-Jun-2023 14:43:55 UTC] PHP Parse error:  syntax error, unexpected token ":", expecting ")" in /srv/http/juego/wp-content/plugins/les-kanban/admin/class-les-admin.php on line 114
[21-Jun-2023 14:45:55 UTC] PHP Parse error:  syntax error, unexpected token "public" in /srv/http/juego/wp-content/plugins/les-kanban/admin/class-les-admin.php on line 117
